[1120/120330.743:ERROR:crash_report_database_win.cc(580)] CreateDirectory C:\ProgramData\Safe Family\Logs: Access is denied. (0x5)
[1120/120330.752:ERROR:registration_protocol_win.cc(84)] TransactNamedPipe: The pipe has been ended. (0x6D)
[1120/120330.753:ERROR:crash_report_database_win.cc(580)] CreateDirectory C:\ProgramData\Safe Family\Logs: Access is denied. (0x5)
[1120/132502.904:ERROR:crash_report_database_win.cc(580)] CreateDirectory C:\ProgramData\Safe Family\Logs: Access is denied. (0x5)
[1120/132502.913:ERROR:registration_protocol_win.cc(84)] TransactNamedPipe: The pipe has been ended. (0x6D)
[1120/132502.914:ERROR:crash_report_database_win.cc(580)] CreateDirectory C:\ProgramData\Safe Family\Logs: Access is denied. (0x5)
[1120/132940.635:ERROR:crash_report_database_win.cc(580)] CreateDirectory C:\ProgramData\Safe Family\Logs: Access is denied. (0x5)
[1120/132940.640:ERROR:registration_protocol_win.cc(84)] TransactNamedPipe: The pipe has been ended. (0x6D)
[1120/132940.641:ERROR:crash_report_database_win.cc(580)] CreateDirectory C:\ProgramData\Safe Family\Logs: Access is denied. (0x5)
[1120/133152.992:ERROR:crash_report_database_win.cc(580)] CreateDirectory C:\ProgramData\Safe Family\Logs: Access is denied. (0x5)
[1120/133153.000:ERROR:registration_protocol_win.cc(84)] TransactNamedPipe: The pipe has been ended. (0x6D)
[1120/133153.001:ERROR:crash_report_database_win.cc(580)] CreateDirectory C:\ProgramData\Safe Family\Logs: Access is denied. (0x5)
[1120/133322.428:ERROR:crash_report_database_win.cc(580)] CreateDirectory C:\ProgramData\Safe Family\Logs: Access is denied. (0x5)
[1120/133322.434:ERROR:registration_protocol_win.cc(84)] TransactNamedPipe: The pipe has been ended. (0x6D)
[1120/133322.435:ERROR:crash_report_database_win.cc(580)] CreateDirectory C:\ProgramData\Safe Family\Logs: Access is denied. (0x5)
[1120/135451.915:ERROR:crash_report_database_win.cc(580)] CreateDirectory C:\ProgramData\Safe Family\Logs: Access is denied. (0x5)
[1120/135451.922:ERROR:registration_protocol_win.cc(84)] TransactNamedPipe: The pipe has been ended. (0x6D)
[1120/135451.923:ERROR:crash_report_database_win.cc(580)] CreateDirectory C:\ProgramData\Safe Family\Logs: Access is denied. (0x5)
[1120/141021.793:ERROR:crash_report_database_win.cc(580)] CreateDirectory C:\ProgramData\Safe Family\Logs: Access is denied. (0x5)
[1120/141021.861:ERROR:registration_protocol_win.cc(84)] TransactNamedPipe: The pipe has been ended. (0x6D)
[1120/141021.862:ERROR:crash_report_database_win.cc(580)] CreateDirectory C:\ProgramData\Safe Family\Logs: Access is denied. (0x5)
[0306/135342.944:ERROR:crash_report_database_win.cc(580)] CreateDirectory C:\ProgramData\Safe Family\Logs: Access is denied. (0x5)
[0306/135342.964:ERROR:registration_protocol_win.cc(84)] TransactNamedPipe: The pipe has been ended. (0x6D)
[0306/135342.966:ERROR:crash_report_database_win.cc(580)] CreateDirectory C:\ProgramData\Safe Family\Logs: Access is denied. (0x5)
[0306/141342.418:ERROR:crash_report_database_win.cc(580)] CreateDirectory C:\ProgramData\Safe Family\Logs: Access is denied. (0x5)
[0306/141342.423:ERROR:registration_protocol_win.cc(84)] TransactNamedPipe: The pipe has been ended. (0x6D)
[0306/141342.424:ERROR:crash_report_database_win.cc(580)] CreateDirectory C:\ProgramData\Safe Family\Logs: Access is denied. (0x5)
[0410/163705.340:ERROR:process_reader_win.cc(151)] SuspendThread: Access is denied. (0x5)
[0410/163705.449:ERROR:process_reader_win.cc(151)] SuspendThread: Access is denied. (0x5)
[0410/163705.449:ERROR:process_reader_win.cc(151)] SuspendThread: Access is denied. (0x5)
[0410/163705.449:ERROR:process_reader_win.cc(151)] SuspendThread: Access is denied. (0x5)
[0410/163705.449:ERROR:process_reader_win.cc(151)] SuspendThread: Access is denied. (0x5)
[0410/163705.449:ERROR:process_reader_win.cc(151)] SuspendThread: Access is denied. (0x5)
[0410/163705.449:ERROR:process_reader_win.cc(151)] SuspendThread: Access is denied. (0x5)
[0410/163705.449:ERROR:process_reader_win.cc(151)] SuspendThread: Access is denied. (0x5)
[0410/163705.449:ERROR:process_reader_win.cc(151)] SuspendThread: Access is denied. (0x5)
[0410/163705.449:ERROR:process_reader_win.cc(151)] SuspendThread: Access is denied. (0x5)
[0410/163705.449:ERROR:process_reader_win.cc(151)] SuspendThread: Access is denied. (0x5)
[0410/163705.449:ERROR:process_reader_win.cc(151)] SuspendThread: Access is denied. (0x5)
[0410/163705.449:ERROR:process_reader_win.cc(151)] SuspendThread: Access is denied. (0x5)
[0410/163705.449:ERROR:process_reader_win.cc(151)] SuspendThread: Access is denied. (0x5)
[0410/163705.449:ERROR:process_reader_win.cc(151)] SuspendThread: Access is denied. (0x5)
[0410/163705.449:ERROR:process_reader_win.cc(151)] SuspendThread: Access is denied. (0x5)
[0410/163705.449:ERROR:process_reader_win.cc(151)] SuspendThread: Access is denied. (0x5)
[0410/163705.449:ERROR:process_reader_win.cc(151)] SuspendThread: Access is denied. (0x5)
[0410/163705.449:ERROR:process_reader_win.cc(123)] NtOpenThread: {Access Denied} A process has requested access to an object, but has not been granted those access rights. (0xc0000022)
[0410/163705.449:ERROR:exception_snapshot_win.cc(98)] thread ID 32308 not found in process
[0410/163705.480:ERROR:process_reader_win.cc(151)] SuspendThread: Access is denied. (0x5)
[0410/163705.480:ERROR:process_reader_win.cc(151)] SuspendThread: Access is denied. (0x5)
[0410/163705.480:ERROR:process_reader_win.cc(151)] SuspendThread: Access is denied. (0x5)
[0410/163705.480:ERROR:process_reader_win.cc(151)] SuspendThread: Access is denied. (0x5)
[0410/163705.480:ERROR:process_reader_win.cc(151)] SuspendThread: Access is denied. (0x5)
[0410/163705.480:ERROR:process_reader_win.cc(151)] SuspendThread: Access is denied. (0x5)
[0410/163705.480:ERROR:process_reader_win.cc(151)] SuspendThread: Access is denied. (0x5)
[0410/163705.480:ERROR:process_reader_win.cc(151)] SuspendThread: Access is denied. (0x5)
[0410/163705.480:ERROR:process_reader_win.cc(151)] SuspendThread: Access is denied. (0x5)
[0410/163705.480:ERROR:process_reader_win.cc(151)] SuspendThread: Access is denied. (0x5)
[0410/163705.480:ERROR:process_reader_win.cc(151)] SuspendThread: Access is denied. (0x5)
[0410/163705.480:ERROR:process_reader_win.cc(151)] SuspendThread: Access is denied. (0x5)
[0410/163705.480:ERROR:process_reader_win.cc(151)] SuspendThread: Access is denied. (0x5)
[0410/163705.480:ERROR:process_reader_win.cc(151)] SuspendThread: Access is denied. (0x5)
[0410/163705.480:ERROR:process_reader_win.cc(151)] SuspendThread: Access is denied. (0x5)
[0410/163705.480:ERROR:process_reader_win.cc(151)] SuspendThread: Access is denied. (0x5)
[0410/163705.480:ERROR:process_reader_win.cc(151)] SuspendThread: Access is denied. (0x5)
[0410/163705.480:ERROR:process_reader_win.cc(151)] SuspendThread: Access is denied. (0x5)
[0410/163705.480:ERROR:process_reader_win.cc(151)] SuspendThread: Access is denied. (0x5)
[0410/163705.480:ERROR:process_reader_win.cc(151)] SuspendThread: Access is denied. (0x5)
[0410/163705.480:ERROR:process_reader_win.cc(123)] NtOpenThread: {Access Denied} A process has requested access to an object, but has not been granted those access rights. (0xc0000022)
[0410/163705.480:ERROR:exception_snapshot_win.cc(98)] thread ID 11488 not found in process
